<?xml version="1.0" encoding="UTF-8"?>
<testsuites name="jest tests" tests="17" failures="0" errors="0" time="3.612">
  <testsuite name="API Health Smoke Tests" errors="0" failures="0" skipped="0" timestamp="2025-09-20T13:52:43" time="3.531" tests="11">
    <testcase classname="API Health Smoke Tests Health Check Endpoints" name="GET /health should return 200" time="0.033">
    </testcase>
    <testcase classname="API Health Smoke Tests Health Check Endpoints" name="GET /api/health should be accessible" time="0.007">
    </testcase>
    <testcase classname="API Health Smoke Tests Auth Endpoints Accessibility" name="POST /api/auth/register should be accessible" time="0.016">
    </testcase>
    <testcase classname="API Health Smoke Tests Auth Endpoints Accessibility" name="POST /api/auth/login should be accessible" time="0.005">
    </testcase>
    <testcase classname="API Health Smoke Tests Billing Endpoints Accessibility" name="GET /api/billing/plans should be accessible" time="0.005">
    </testcase>
    <testcase classname="API Health Smoke Tests Billing Endpoints Accessibility" name="POST /api/billing/create-checkout-session endpoint exists" time="0.005">
    </testcase>
    <testcase classname="API Health Smoke Tests Integration Endpoints Accessibility" name="GET /api/user/integrations endpoint exists" time="0.004">
    </testcase>
    <testcase classname="API Health Smoke Tests Integration Endpoints Accessibility" name="POST /api/user/integrations/connect endpoint exists" time="0.004">
    </testcase>
    <testcase classname="API Health Smoke Tests Error Handling" name="Non-existent endpoints should return proper error" time="0.007">
    </testcase>
    <testcase classname="API Health Smoke Tests Error Handling" name="Wrong HTTP method should return proper error" time="0.005">
    </testcase>
    <testcase classname="API Health Smoke Tests Security Headers" name="Should include security headers" time="0.003">
    </testcase>
  </testsuite>
  <testsuite name="Feature Flags Smoke Tests" errors="0" failures="0" skipped="0" timestamp="2025-09-20T13:52:47" time="0.023" tests="6">
    <testcase classname="Feature Flags Smoke Tests" name="Feature flags should initialize without errors" time="0">
    </testcase>
    <testcase classname="Feature Flags Smoke Tests" name="Should be able to check flag status" time="0.002">
    </testcase>
    <testcase classname="Feature Flags Smoke Tests" name="Should return service status" time="0">
    </testcase>
    <testcase classname="Feature Flags Smoke Tests" name="Should return all flags" time="0.001">
    </testcase>
    <testcase classname="Feature Flags Smoke Tests" name="Should handle unknown flags gracefully" time="0.001">
    </testcase>
    <testcase classname="Feature Flags Smoke Tests" name="Feature flags should be consistent" time="0">
    </testcase>
  </testsuite>
</testsuites>